1523366561364	geckodriver	INFO	geckodriver 0.20.0
1523366561379	geckodriver	INFO	Listening on 127.0.0.1:55517
1523366565314	mozrunner::runner	INFO	Running command: "C:\\Program Files\\Mozilla Firefox\\firefox.exe" "-marionette" "-profile" "C:\\Users\\VIJAY~1.SAW\\AppData\\Local\\Temp\\rust_mozprofile.U2fffUFGhzad"
1523366568380	Marionette	INFO	Enabled via --marionette
Unable to read VR Path Registry from C:\Users\vijay.sawant\AppData\Local\openvr\openvrpaths.vrpath
[Child 9444, Chrome_ChildThread] WARNING: pipe error: 109: file z:/build/build/src/ipc/chromium/src/chrome/common/ipc_channel_win.cc, line 346
[Child 9444, Chrome_ChildThread] WARNING: pipe error: 109: file z:/build/build/src/ipc/chromium/src/chrome/common/ipc_channel_win.cc, line 346
1523366578794	Marionette	INFO	Listening on port 55530
1523366579264	Marionette	WARN	TLS certificate errors will be ignored for this session
Unable to read VR Path Registry from C:\Users\vijay.sawant\AppData\Local\openvr\openvrpaths.vrpath
[Parent 11228, Gecko_IOThread] WARNING: pipe error: 109: file z:/build/build/src/ipc/chromium/src/chrome/common/ipc_channel_win.cc, line 346
Unable to read VR Path Registry from C:\Users\vijay.sawant\AppData\Local\openvr\openvrpaths.vrpath
[Child 2336, Chrome_ChildThread] WARNING: pipe error: 109: file z:/build/build/src/ipc/chromium/src/chrome/common/ipc_channel_win.cc, line 346
[Child 2336, Chrome_ChildThread] WARNING: pipe error: 109: file z:/build/build/src/ipc/chromium/src/chrome/common/ipc_channel_win.cc, line 346
Unable to read VR Path Registry from C:\Users\vijay.sawant\AppData\Local\openvr\openvrpaths.vrpath
[Child 11812, Chrome_ChildThread] WARNING: pipe error: 109: file z:/build/build/src/ipc/chromium/src/chrome/common/ipc_channel_win.cc, line 346
*** UTM:SVC TimerManager:registerTimer called after profile-before-change notification. Ignoring timer registration for id: telemetry_modules_ping

###!!! [Child][MessageChannel::SendAndWait] Error: Channel error: cannot send/recv

1523366626048	geckodriver::marionette	ERROR	Failed to stop browser process
ofile-before-change notification. Ignoring timer registration for id: telemetry_modules_ping

###!!! [Child][MessageChannel::SendAndWait] Error: Channel error: cannot send/recv

1523354598251	geckodriver::marionette	ERROR	Failed to stop browser process

###!!! [Child][MessageChannel::SendAndWait] Error: Channel error: cannot send/recv

1522660684626	geckodriver::marionette	ERROR	Failed to stop browser process
openvrpaths.vrpath
[Child 8016, Chrome_ChildThread] WARNING: pipe error: 109: file z:/build/build/src/ipc/chromium/src/chrome/common/ipc_channel_win.cc, line 346
[Parent 8852, Gecko_IOThread] WARNING: pipe error: 109: file z:/build/build/src/ipc/chromium/src/chrome/common/ipc_channel_win.cc, line 346
Unable to read VR Path Registry from C:\Users\vijay.sawant\AppData\Local\openvr\openvrpaths.vrpath
[Child 9604, Chrome_ChildThread] WARNING: pipe error: 109: file z:/build/build/src/ipc/chromium/src/chrome/common/ipc_channel_win.cc, line 346
[Parent 8852, Gecko_IOThread] WARNING: pipe error: 109: file z:/build/build/src/ipc/chromium/src/chrome/common/ipc_channel_win.cc, line 346

###!!! [Child][MessageChannel::SendAndWait] Error: Channel error: cannot send/recv

1522647887164	geckodriver::marionette	ERROR	Failed to stop browser process
